Using pre-set license
Built from '2020.3/release' branch; Version is '2020.3.12f1 (b3b2c6512326) revision 11776710'; Using compiler version '192528614'; Build Type 'Release'
OS: 'Windows 10 Pro; OS build 22000.282; Version 2009; 64bit' Language: 'ru' Physical Memory: 16323 MB
BatchMode: 1, IsHumanControllingUs: 0, StartBugReporterOnCrash: 0, Is64bit: 1, IsPro: 0

 COMMAND LINE ARGUMENTS:
C:\Program Files\Unity\Hub\Editor\2020.3.12f1\Editor\Unity.exe
-adb2
-batchMode
-noUpm
-name
AssetImportWorker0
-projectPath
E:/Unity/Hackatonus/Hackatonus
-logFile
Logs/AssetImportWorker0.log
-srvPort
59661
Successfully changed project path to: E:/Unity/Hackatonus/Hackatonus
E:/Unity/Hackatonus/Hackatonus
Using Asset Import Pipeline V2.
Refreshing native plugins compatible for Editor in 88.00 ms, found 7 plugins.
Preloading 1 native plugins for Editor in 0.79 ms.
Initialize engine version: 2020.3.12f1 (b3b2c6512326)
[Subsystems] Discovering subsystems at path C:/Program Files/Unity/Hub/Editor/2020.3.12f1/Editor/Data/Resources/UnitySubsystems
[Subsystems] Discovering subsystems at path E:/Unity/Hackatonus/Hackatonus/Assets
GfxDevice: creating device client; threaded=0
Direct3D:
    Version:  Direct3D 11.0 [level 11.1]
    Renderer: NVIDIA GeForce GTX 1060 6GB (ID=0x1c03)
    Vendor:   
    VRAM:     6052 MB
    Driver:   30.0.14.9649
Shader 'Oculus/OVRMRCameraFrameLit': fallback shader 'Alpha-Diffuse' not found
Initialize mono
Mono path[0] = 'C:/Program Files/Unity/Hub/Editor/2020.3.12f1/Editor/Data/Managed'
Mono path[1] = 'C:/Program Files/Unity/Hub/Editor/2020.3.12f1/Editor/Data/MonoBleedingEdge/lib/mono/unityjit'
Mono config path = 'C:/Program Files/Unity/Hub/Editor/2020.3.12f1/Editor/Data/MonoBleedingEdge/etc'
Using monoOptions --debugger-agent=transport=dt_socket,embedding=1,server=y,suspend=n,address=127.0.0.1:56560
Begin MonoManager ReloadAssembly
Registering precompiled unity dll's ...
Register platform support module: C:/Program Files/Unity/Hub/Editor/2020.3.12f1/Editor/Data/PlaybackEngines/WindowsStandaloneSupport/UnityEditor.WindowsStandalone.Extensions.dll
Registered in 0.001584 seconds.
Native extension for WindowsStandalone target not found
Refreshing native plugins compatible for Editor in 72.97 ms, found 7 plugins.
Preloading 1 native plugins for Editor in 0.05 ms.
Mono: successfully reloaded assembly
- Completed reload, in  1.780 seconds
Platform modules already initialized, skipping
Registering precompiled user dll's ...
Registered in 0.004173 seconds.
Begin MonoManager ReloadAssembly
Error: Could not load signature of FMODUnity.EditorUtils:CheckResult due to: Could not load file or assembly 'FMODUnity, Version=0.0.0.0, Culture=neutral, PublicKeyToken=null' or one of its dependencies. assembly:FMODUnity, Version=0.0.0.0, Culture=neutral, PublicKeyToken=null type:<unknown type> member:(null) signature:<none>

Could not load signature of FMODUnity.SettingsEditor:DrawPlatformPropertyLabel due to: Could not load file or assembly 'FMODUnity, Version=0.0.0.0, Culture=neutral, PublicKeyToken=null' or one of its dependencies. assembly:FMODUnity, Version=0.0.0.0, Culture=neutral, PublicKeyToken=null type:<unknown type> member:(null) signature:<none>
Could not load signature of FMODUnity.SettingsEditor:DrawPlatformPropertyFoldout due to: Could not load file or assembly 'FMODUnity, Version=0.0.0.0, Culture=neutral, PublicKeyToken=null' or one of its dependencies. assembly:FMODUnity, Version=0.0.0.0, Culture=neutral, PublicKeyToken=null type:<unknown type> member:(null) signature:<none>
Could not load signature of FMODUnity.SettingsEditor:PreparePlatformPropertyLabel due to: Could not load file or assembly 'FMODUnity, Version=0.0.0.0, Culture=neutral, PublicKeyToken=null' or one of its dependencies. assembly:FMODUnity, Version=0.0.0.0, Culture=neutral, PublicKeyToken=null type:<unknown type> member:(null) signature:<none>
Could not load signature of FMODUnity.SettingsEditor:DecoratePlatformPropertyLabel due to: Could not load file or assembly 'FMODUnity, Version=0.0.0.0, Culture=neutral, PublicKeyToken=null' or one of its dependencies. assembly:FMODUnity, Version=0.0.0.0, Culture=neutral, PublicKeyToken=null type:<unknown type> member:(null) signature:<none>
Could not load signature of FMODUnity.SettingsEditor:DisplayTriStateBool due to: Could not load file or assembly 'FMODUnity, Version=0.0.0.0, Culture=neutral, PublicKeyToken=null' or one of its dependencies. assembly:FMODUnity, Version=0.0.0.0, Culture=neutral, PublicKeyToken=null type:<unknown type> member:(null) signature:<none>
Could not load signature of FMODUnity.SettingsEditor:DisplayOutputMode due to: Could not load file or assembly 'FMODUnity, Version=0.0.0.0, Culture=neutral, PublicKeyToken=null' or one of its dependencies. assembly:FMODUnity, Version=0.0.0.0, Culture=neutral, PublicKeyToken=null type:<unknown type> member:(null) signature:<none>
Could not load signature of FMODUnity.SettingsEditor:DisplayThreadAffinity due to: Could not load file or assembly 'FMODUnity, Version=0.0.0.0, Culture=neutral, PublicKeyToken=null' or one of its dependencies. assembly:FMODUnity, Version=0.0.0.0, Culture=neutral, PublicKeyToken=null type:<unknown type> member:(null) signature:<none>
Could not load signature of FMODUnity.SettingsEditor:DisplayThreadAffinityFoldout due to: Could not load file or assembly 'FMODUnity, Version=0.0.0.0, Culture=neutral, PublicKeyToken=null' or one of its dependencies. assembly:FMODUnity, Version=0.0.0.0, Culture=neutral, PublicKeyToken=null type:<unknown type> member:(null) signature:<none>
Could not load signature of FMODUnity.SettingsEditor:DisplayThreadAffinityGroups due to: Could not load file or assembly 'FMODUnity, Version=0.0.0.0, Culture=neutral, PublicKeyToken=null' or one of its dependencies. assembly:FMODUnity, Version=0.0.0.0, Culture=neutral, PublicKeyToken=null type:<unknown type> member:(null) signature:<none>
Could not load signature of FMODUnity.SettingsEditor:DisplayThreadAffinityGroup due to: Could not load file or assembly 'FMODUnity, Version=0.0.0.0, Culture=neutral, PublicKeyToken=null' or one of its dependencies. assembly:FMODUnity, Version=0.0.0.0, Culture=neutral, PublicKeyToken=null type:<unknown type> member:(null) signature:<none>
Could not load signature of FMODUnity.SettingsEditor:DisplaySampleRate due to: Could not load file or assembly 'FMODUnity, Version=0.0.0.0, Culture=neutral, PublicKeyToken=null' or one of its dependencies. assembly:FMODUnity, Version=0.0.0.0, Culture=neutral, PublicKeyToken=null type:<unknown type> member:(null) signature:<none>
Could not load signature of FMODUnity.SettingsEditor:DisplayProjectPlatform due to: Could not load file or assembly 'FMODUnity, Version=0.0.0.0, Culture=neutral, PublicKeyToken=null' or one of its dependencies. assembly:FMODUnity, Version=0.0.0.0, Culture=neutral, PublicKeyToken=null type:<unknown type> member:(null) signature:<none>
Could not load signature of FMODUnity.SettingsEditor:DisplaySpeakerMode due to: Could not load file or assembly 'FMODUnity, Version=0.0.0.0, Culture=neutral, PublicKeyToken=null' or one of its dependencies. assembly:FMODUnity, Version=0.0.0.0, Culture=neutral, PublicKeyToken=null type:<unknown type> member:(null) signature:<none>
Could not load signature of FMODUnity.SettingsEditor:DisplayCallbackHandler due to: Could not load file or assembly 'FMODUnity, Version=0.0.0.0, Culture=neutral, PublicKeyToken=null' or one of its dependencies. assembly:FMODUnity, Version=0.0.0.0, Culture=neutral, PublicKeyToken=null type:<unknown type> member:(null) signature:<none>
Could not load signature of FMODUnity.SettingsEditor:DisplayInt due to: Could not load file or assembly 'FMODUnity, Version=0.0.0.0, Culture=neutral, PublicKeyToken=null' or one of its dependencies. assembly:FMODUnity, Version=0.0.0.0, Culture=neutral, PublicKeyToken=null type:<unknown type> member:(null) signature:<none>
Could not load signature of FMODUnity.SettingsEditor:DisplayLiveUpdatePort due to: Could not load file or assembly 'FMODUnity, Version=0.0.0.0, Culture=neutral, PublicKeyToken=null' or one of its dependencies. assembly:FMODUnity, Version=0.0.0.0, Culture=neutral, PublicKeyToken=null type:<unknown type> member:(null) signature:<none>
Could not load signature of FMODUnity.SettingsEditor:DisplayPlatform due to: Could not load file or assembly 'FMODUnity, Version=0.0.0.0, Culture=neutral, PublicKeyToken=null' or one of its dependencies. assembly:FMODUnity, Version=0.0.0.0, Culture=neutral, PublicKeyToken=null type:<unknown type> member:(null) signature:<none>
Could not load signature of FMODUnity.SettingsEditor:DisplayPlatformHeader due to: Could not load file or assembly 'FMODUnity, Version=0.0.0.0, Culture=neutral, PublicKeyToken=null' or one of its dependencies. assembly:FMODUnity, Version=0.0.0.0, Culture=neutral, PublicKeyToken=null type:<unknown type> member:(null) signature:<none>
Could not load signature of FMODUnity.SettingsEditor:DisplayDSPBufferSettings due to: Could not load file or assembly 'FMODUnity, Version=0.0.0.0, Culture=neutral, PublicKeyToken=null' or one of its dependencies. assembly:FMODUnity, Version=0.0.0.0, Culture=neutral, PublicKeyToken=null type:<unknown type> member:(null) signature:<none>
Could not load signature of FMODUnity.SettingsEditor:DisplayAutoDSPBufferSettings due to: Could not load file or assembly 'FMODUnity, Version=0.0.0.0, Culture=neutral, PublicKeyToken=null' or one of its dependencies. assembly:FMODUnity, Version=0.0.0.0, Culture=neutral, PublicKeyToken=null type:<unknown type> member:(null) signature:<none>
Could not load signature of FMODUnity.SettingsEditor:DisplayDSPBufferFields due to: Could not load file or assembly 'FMODUnity, Version=0.0.0.0, Culture=neutral, PublicKeyToken=null' or one of its dependencies. assembly:FMODUnity, Version=0.0.0.0, Culture=neutral, PublicKeyToken=null type:<unknown type> member:(null) signature:<none>
Could not load signature of FMODUnity.SettingsEditor:DisplayPlugins due to: Could not load file or assembly 'FMODUnity, Version=0.0.0.0, Culture=neutral, PublicKeyToken=null' or one of its dependencies. assembly:FMODUnity, Version=0.0.0.0, Culture=neutral, PublicKeyToken=null type:<unknown type> member:(null) signature:<none>
Could not load signature of FMODUnity.SettingsEditor:SetPlatformParent due to: Could not load file or assembly 'FMODUnity, Version=0.0.0.0, Culture=neutral, PublicKeyToken=null' or one of its dependencies. assembly:FMODUnity, Version=0.0.0.0, Culture=neutral, PublicKeyToken=null type:<unknown type> member:(null) signature:<none>
Could not load signature of FMODUnity.FindAndReplace:ReplaceText due to: Could not load file or assembly 'FMODUnity, Version=0.0.0.0, Culture=neutral, PublicKeyToken=null' or one of its dependencies. assembly:FMODUnity, Version=0.0.0.0, Culture=neutral, PublicKeyToken=null type:<unknown type> member:(null) signature:<none>
Unloading broken assembly Library/ScriptAssemblies/FMODUnityEditor.dll, this assembly can cause crashes in the runtime

Native extension for WindowsStandalone target not found
Refreshing native plugins compatible for Editor in 115.73 ms, found 7 plugins.
Preloading 1 native plugins for Editor in 0.15 ms.
[XR] OculusXRPlugin: registering subsystems
[XR] Unable to register display lifecyle provider: [1]
[XR] Oculus Input lifecycle provider registered.
[XR] Unable to register input lifecyle provider: [1]
[XR] OVRP version 1.65.0
Mono: successfully reloaded assembly
- Completed reload, in  3.487 seconds
Platform modules already initialized, skipping
========================================================================
Worker process is ready to serve import requests
Shader 'Oculus/OVRMRCameraFrameLit': fallback shader 'Alpha-Diffuse' not found
Launched and connected shader compiler UnityShaderCompiler.exe after 0.06 seconds
Refreshing native plugins compatible for Editor in 0.93 ms, found 7 plugins.
Preloading 1 native plugins for Editor in 0.06 ms.
Unloading 3219 Unused Serialized files (Serialized files now loaded: 0)
System memory in use before: 150.5 MB.
System memory in use after: 150.7 MB.

Unloading 52 unused Assets to reduce memory usage. Loaded Objects now: 3641.
Total: 3.136600 ms (FindLiveObjects: 0.284200 ms CreateObjectMapping: 0.153200 ms MarkObjects: 2.588100 ms  DeleteObjects: 0.109700 ms)

AssetImportParameters requested are different than current active one (requested -> active):
  custom:framework-win-MediaFoundation: 216162199b28c13a410421893ffa2e32 -> 
  custom:video-decoder-ogg-theora: a1e56fd34408186e4bbccfd4996cb3dc -> 
  custom:container-muxer-webm: aa71ff27fc2769a1b78a27578f13a17b -> 
  custom:container-demuxer-webm: 4f35f7cbe854078d1ac9338744f61a02 -> 
  custom:container-demuxer-ogg: 62fdf1f143b41e24485cea50d1cbac27 -> 
  custom:video-encoder-webm-vp8: eb34c28f22e8b96e1ab97ce403110664 -> 
  custom:video-decoder-webm-vp8: 9c59270c3fd7afecdb556c50c9e8de78 -> 
  custom:audio-decoder-ogg-vorbis: bf7c407c2cedff20999df2af8eb42d56 -> 
  custom:audio-encoder-webm-vorbis: bf7c407c2cedff20999df2af8eb42d56 -> 
========================================================================
Received Import Request.
  path: Assets/Plugins/FMOD
  artifactKey: Guid(0830542acb3e9834196b91eb1b3dd3e0) Importer(815301076,1909f56bfc062723c751e8b465ee728b)
Start importing Assets/Plugins/FMOD using Guid(0830542acb3e9834196b91eb1b3dd3e0) Importer(815301076,1909f56bfc062723c751e8b465ee728b)  -> (artifact id: 'f593e113bc88ab24caf69dd28db7af28') in 0.010210 seconds 
  Import took 0.030155 seconds .

========================================================================
Received Prepare
Registering precompiled user dll's ...
Registered in 0.004325 seconds.
Begin MonoManager ReloadAssembly
Native extension for WindowsStandalone target not found
Refreshing native plugins compatible for Editor in 0.95 ms, found 7 plugins.
Preloading 1 native plugins for Editor in 0.05 ms.
Mono: successfully reloaded assembly
- Completed reload, in  1.261 seconds
Platform modules already initialized, skipping
Shader 'Oculus/OVRMRCameraFrameLit': fallback shader 'Alpha-Diffuse' not found
Refreshing native plugins compatible for Editor in 1.00 ms, found 7 plugins.
Preloading 1 native plugins for Editor in 0.05 ms.
Unloading 3048 Unused Serialized files (Serialized files now loaded: 0)
System memory in use before: 140.2 MB.
System memory in use after: 140.3 MB.

Unloading 77 unused Assets to reduce memory usage. Loaded Objects now: 3610.
Total: 3.103600 ms (FindLiveObjects: 0.314600 ms CreateObjectMapping: 0.165400 ms MarkObjects: 2.524500 ms  DeleteObjects: 0.098200 ms)

AssetImportParameters requested are different than current active one (requested -> active):
  custom:framework-win-MediaFoundation: 216162199b28c13a410421893ffa2e32 -> 
  custom:video-decoder-ogg-theora: a1e56fd34408186e4bbccfd4996cb3dc -> 
  custom:container-muxer-webm: aa71ff27fc2769a1b78a27578f13a17b -> 
  custom:container-demuxer-webm: 4f35f7cbe854078d1ac9338744f61a02 -> 
  custom:container-demuxer-ogg: 62fdf1f143b41e24485cea50d1cbac27 -> 
  custom:video-encoder-webm-vp8: eb34c28f22e8b96e1ab97ce403110664 -> 
  custom:video-decoder-webm-vp8: 9c59270c3fd7afecdb556c50c9e8de78 -> 
  custom:audio-decoder-ogg-vorbis: bf7c407c2cedff20999df2af8eb42d56 -> 
  custom:audio-encoder-webm-vorbis: bf7c407c2cedff20999df2af8eb42d56 -> 
========================================================================
Received Import Request.
  Time since last request: 153.802508 seconds.
  path: Assets/Footsteps - Essentials
  artifactKey: Guid(7764cb00341801f4a99ddbdb9ebfb29e) Importer(815301076,1909f56bfc062723c751e8b465ee728b)
Start importing Assets/Footsteps - Essentials using Guid(7764cb00341801f4a99ddbdb9ebfb29e) Importer(815301076,1909f56bfc062723c751e8b465ee728b)  -> (artifact id: '118e32d816c155d8447686eeac242ea6') in 0.010995 seconds 
  Import took 0.016788 seconds .

========================================================================
Received Import Request.
  Time since last request: 0.044933 seconds.
  path: Assets/Footsteps - Essentials
  artifactKey: Guid(7764cb00341801f4a99ddbdb9ebfb29e) Importer(815301076,1909f56bfc062723c751e8b465ee728b)
Start importing Assets/Footsteps - Essentials using Guid(7764cb00341801f4a99ddbdb9ebfb29e) Importer(815301076,1909f56bfc062723c751e8b465ee728b)  -> (artifact id: '118e32d816c155d8447686eeac242ea6') in 0.003939 seconds 
  Import took 0.009309 seconds .

========================================================================
Received Prepare
Registering precompiled user dll's ...
Registered in 0.004298 seconds.
Begin MonoManager ReloadAssembly
Native extension for WindowsStandalone target not found
Refreshing native plugins compatible for Editor in 0.94 ms, found 7 plugins.
Preloading 1 native plugins for Editor in 0.04 ms.
Mono: successfully reloaded assembly
- Completed reload, in  1.146 seconds
Platform modules already initialized, skipping
Shader 'Oculus/OVRMRCameraFrameLit': fallback shader 'Alpha-Diffuse' not found
Refreshing native plugins compatible for Editor in 0.90 ms, found 7 plugins.
Preloading 1 native plugins for Editor in 0.04 ms.
Unloading 3048 Unused Serialized files (Serialized files now loaded: 0)
System memory in use before: 139.7 MB.
System memory in use after: 139.8 MB.

Unloading 42 unused Assets to reduce memory usage. Loaded Objects now: 3614.
Total: 2.749300 ms (FindLiveObjects: 0.260500 ms CreateObjectMapping: 0.127000 ms MarkObjects: 2.286500 ms  DeleteObjects: 0.074200 ms)

AssetImportParameters requested are different than current active one (requested -> active):
  custom:framework-win-MediaFoundation: 216162199b28c13a410421893ffa2e32 -> 
  custom:video-decoder-ogg-theora: a1e56fd34408186e4bbccfd4996cb3dc -> 
  custom:container-muxer-webm: aa71ff27fc2769a1b78a27578f13a17b -> 
  custom:container-demuxer-webm: 4f35f7cbe854078d1ac9338744f61a02 -> 
  custom:container-demuxer-ogg: 62fdf1f143b41e24485cea50d1cbac27 -> 
  custom:video-encoder-webm-vp8: eb34c28f22e8b96e1ab97ce403110664 -> 
  custom:video-decoder-webm-vp8: 9c59270c3fd7afecdb556c50c9e8de78 -> 
  custom:audio-decoder-ogg-vorbis: bf7c407c2cedff20999df2af8eb42d56 -> 
  custom:audio-encoder-webm-vorbis: bf7c407c2cedff20999df2af8eb42d56 -> 
========================================================================
Received Import Request.
  Time since last request: 65.613636 seconds.
  path: Assets/Audio/Sound Pack Free Edition
  artifactKey: Guid(7b4aad0f8001f134fb23f51c74532371) Importer(815301076,1909f56bfc062723c751e8b465ee728b)
Start importing Assets/Audio/Sound Pack Free Edition using Guid(7b4aad0f8001f134fb23f51c74532371) Importer(815301076,1909f56bfc062723c751e8b465ee728b)  -> (artifact id: '5ca5947dd2032dfae4cf474d165134aa') in 0.009521 seconds 
  Import took 0.023504 seconds .

========================================================================
Received Import Request.
  Time since last request: 2.665953 seconds.
  path: Assets/ImportAssets/MeshCombiner
  artifactKey: Guid(590698cb24bb72f49a4376ba1dd341fc) Importer(815301076,1909f56bfc062723c751e8b465ee728b)
Start importing Assets/ImportAssets/MeshCombiner using Guid(590698cb24bb72f49a4376ba1dd341fc) Importer(815301076,1909f56bfc062723c751e8b465ee728b)  -> (artifact id: 'c049a73f2cafcf8ca842a3a353efc3cd') in 0.010009 seconds 
  Import took 0.017073 seconds .

========================================================================
Received Prepare
Registering precompiled user dll's ...
Registered in 0.005265 seconds.
Begin MonoManager ReloadAssembly
Native extension for WindowsStandalone target not found
Refreshing native plugins compatible for Editor in 1.02 ms, found 7 plugins.
Preloading 1 native plugins for Editor in 0.06 ms.
Mono: successfully reloaded assembly
- Completed reload, in  1.224 seconds
Platform modules already initialized, skipping
Shader 'Oculus/OVRMRCameraFrameLit': fallback shader 'Alpha-Diffuse' not found
Refreshing native plugins compatible for Editor in 1.04 ms, found 7 plugins.
Preloading 1 native plugins for Editor in 0.05 ms.
Unloading 3048 Unused Serialized files (Serialized files now loaded: 0)
System memory in use before: 139.7 MB.
System memory in use after: 139.9 MB.

Unloading 42 unused Assets to reduce memory usage. Loaded Objects now: 3618.
Total: 3.088400 ms (FindLiveObjects: 0.306300 ms CreateObjectMapping: 0.184900 ms MarkObjects: 2.521900 ms  DeleteObjects: 0.074600 ms)

AssetImportParameters requested are different than current active one (requested -> active):
  custom:framework-win-MediaFoundation: 216162199b28c13a410421893ffa2e32 -> 
  custom:video-decoder-ogg-theora: a1e56fd34408186e4bbccfd4996cb3dc -> 
  custom:container-muxer-webm: aa71ff27fc2769a1b78a27578f13a17b -> 
  custom:container-demuxer-webm: 4f35f7cbe854078d1ac9338744f61a02 -> 
  custom:container-demuxer-ogg: 62fdf1f143b41e24485cea50d1cbac27 -> 
  custom:video-encoder-webm-vp8: eb34c28f22e8b96e1ab97ce403110664 -> 
  custom:video-decoder-webm-vp8: 9c59270c3fd7afecdb556c50c9e8de78 -> 
  custom:audio-decoder-ogg-vorbis: bf7c407c2cedff20999df2af8eb42d56 -> 
  custom:audio-encoder-webm-vorbis: bf7c407c2cedff20999df2af8eb42d56 -> 
========================================================================
Received Import Request.
  Time since last request: 23.016038 seconds.
  path: Assets/ImportAssets/SkySerie Freebie/FreebieHdri/DarkStorm4K.hdr
  artifactKey: Guid(762f22ba43541df4e95e0e7126e8d96c) Importer(815301076,1909f56bfc062723c751e8b465ee728b)
Start importing Assets/ImportAssets/SkySerie Freebie/FreebieHdri/DarkStorm4K.hdr using Guid(762f22ba43541df4e95e0e7126e8d96c) Importer(815301076,1909f56bfc062723c751e8b465ee728b)  -> (artifact id: 'a4df7eb59a25e47f2db93641e97d493f') in 0.258973 seconds 
  Import took 0.266647 seconds .

========================================================================
Received Import Request.
  Time since last request: 0.002519 seconds.
  path: Assets/ImportAssets/SkySerie Freebie/FreebieHdri/DarkStorm4K.hdr
  artifactKey: Guid(762f22ba43541df4e95e0e7126e8d96c) Importer(815301076,1909f56bfc062723c751e8b465ee728b)
Start importing Assets/ImportAssets/SkySerie Freebie/FreebieHdri/DarkStorm4K.hdr using Guid(762f22ba43541df4e95e0e7126e8d96c) Importer(815301076,1909f56bfc062723c751e8b465ee728b)  -> (artifact id: 'a4df7eb59a25e47f2db93641e97d493f') in 0.049904 seconds 
  Import took 0.056613 seconds .

AssetImportWorkerClient::OnTransportError - code=2 error=End of file
